{"C:\\Users\\Frosne\\Documents\\Estudos\\SOLID\\src\\app.ts": {"path":"C:\\Users\\Frosne\\Documents\\Estudos\\SOLID\\src\\app.ts","all":false,"statementMap":{"0":{"start":{"line":1,"column":0},"end":{"line":1,"column":34}},"1":{"start":{"line":2,"column":0},"end":{"line":2,"column":34}},"2":{"start":{"line":3,"column":0},"end":{"line":3,"column":35}},"3":{"start":{"line":4,"column":0},"end":{"line":4,"column":23}},"4":{"start":{"line":5,"column":0},"end":{"line":5,"column":0}},"5":{"start":{"line":6,"column":0},"end":{"line":6,"column":28}},"6":{"start":{"line":7,"column":0},"end":{"line":7,"column":3}},"7":{"start":{"line":8,"column":0},"end":{"line":8,"column":0}},"8":{"start":{"line":9,"column":0},"end":{"line":9,"column":0}},"9":{"start":{"line":10,"column":0},"end":{"line":10,"column":48}},"10":{"start":{"line":11,"column":0},"end":{"line":11,"column":33}},"11":{"start":{"line":12,"column":0},"end":{"line":12,"column":73}},"12":{"start":{"line":13,"column":0},"end":{"line":13,"column":2}},"13":{"start":{"line":14,"column":0},"end":{"line":14,"column":0}},"14":{"start":{"line":15,"column":0},"end":{"line":15,"column":52}},"15":{"start":{"line":16,"column":0},"end":{"line":16,"column":3}},"16":{"start":{"line":17,"column":0},"end":{"line":17,"column":0}},"17":{"start":{"line":18,"column":0},"end":{"line":18,"column":21}},"18":{"start":{"line":19,"column":0},"end":{"line":19,"column":0}},"19":{"start":{"line":20,"column":0},"end":{"line":20,"column":0}},"20":{"start":{"line":21,"column":0},"end":{"line":21,"column":0}},"21":{"start":{"line":22,"column":0},"end":{"line":22,"column":38}},"22":{"start":{"line":23,"column":0},"end":{"line":23,"column":73}},"23":{"start":{"line":24,"column":0},"end":{"line":24,"column":1}}},"s":{"0":1,"1":1,"2":1,"3":1,"4":1,"5":1,"6":1,"7":1,"8":1,"9":1,"10":2,"11":2,"12":2,"13":2,"14":2,"15":2,"16":1,"17":1,"18":1,"19":1,"20":1,"21":1,"22":0,"23":0},"branchMap":{"0":{"type":"branch","line":22,"loc":{"start":{"line":22,"column":37},"end":{"line":24,"column":1}},"locations":[{"start":{"line":22,"column":37},"end":{"line":24,"column":1}}]},"1":{"type":"branch","line":7,"loc":{"start":{"line":7,"column":1},"end":{"line":7,"column":3}},"locations":[{"start":{"line":7,"column":1},"end":{"line":7,"column":3}}]},"2":{"type":"branch","line":10,"loc":{"start":{"line":10,"column":20},"end":{"line":16,"column":3}},"locations":[{"start":{"line":10,"column":20},"end":{"line":16,"column":3}}]},"3":{"type":"branch","line":12,"loc":{"start":{"line":12,"column":21},"end":{"line":12,"column":38}},"locations":[{"start":{"line":12,"column":21},"end":{"line":12,"column":38}}]}},"b":{"0":[0],"1":[5],"2":[2],"3":[0]},"fnMap":{"0":{"name":"get","decl":{"start":{"line":7,"column":1},"end":{"line":7,"column":3}},"loc":{"start":{"line":7,"column":1},"end":{"line":7,"column":3}},"line":7}},"f":{"0":5}}
,"C:\\Users\\Frosne\\Documents\\Estudos\\SOLID\\src\\error.ts": {"path":"C:\\Users\\Frosne\\Documents\\Estudos\\SOLID\\src\\error.ts","all":false,"statementMap":{"0":{"start":{"line":1,"column":0},"end":{"line":1,"column":37}},"1":{"start":{"line":2,"column":0},"end":{"line":2,"column":21}},"2":{"start":{"line":3,"column":0},"end":{"line":3,"column":32}},"3":{"start":{"line":4,"column":0},"end":{"line":4,"column":17}},"4":{"start":{"line":5,"column":0},"end":{"line":5,"column":2}},"5":{"start":{"line":6,"column":0},"end":{"line":6,"column":1}}},"s":{"0":1,"1":1,"2":1,"3":4,"4":4,"5":11},"branchMap":{"0":{"type":"branch","line":3,"loc":{"start":{"line":3,"column":1},"end":{"line":5,"column":2}},"locations":[{"start":{"line":3,"column":1},"end":{"line":5,"column":2}}]},"1":{"type":"branch","line":6,"loc":{"start":{"line":6,"column":0},"end":{"line":6,"column":1}},"locations":[{"start":{"line":6,"column":0},"end":{"line":6,"column":1}}]}},"b":{"0":[4],"1":[11]},"fnMap":{"0":{"name":"AppError","decl":{"start":{"line":3,"column":1},"end":{"line":5,"column":2}},"loc":{"start":{"line":3,"column":1},"end":{"line":5,"column":2}},"line":3},"1":{"name":"get","decl":{"start":{"line":6,"column":0},"end":{"line":6,"column":1}},"loc":{"start":{"line":6,"column":0},"end":{"line":6,"column":1}},"line":6}},"f":{"0":4,"1":11}}
,"C:\\Users\\Frosne\\Documents\\Estudos\\SOLID\\src\\routes.ts": {"path":"C:\\Users\\Frosne\\Documents\\Estudos\\SOLID\\src\\routes.ts","all":false,"statementMap":{"0":{"start":{"line":1,"column":0},"end":{"line":1,"column":51}},"1":{"start":{"line":2,"column":0},"end":{"line":2,"column":56}},"2":{"start":{"line":3,"column":0},"end":{"line":3,"column":0}},"3":{"start":{"line":4,"column":0},"end":{"line":4,"column":52}},"4":{"start":{"line":5,"column":0},"end":{"line":5,"column":28}},"5":{"start":{"line":6,"column":0},"end":{"line":6,"column":17}},"6":{"start":{"line":7,"column":0},"end":{"line":7,"column":4}},"7":{"start":{"line":8,"column":0},"end":{"line":8,"column":1}}},"s":{"0":1,"1":1,"2":1,"3":2,"4":2,"5":2,"6":2,"7":2},"branchMap":{"0":{"type":"branch","line":4,"loc":{"start":{"line":4,"column":0},"end":{"line":8,"column":1}},"locations":[{"start":{"line":4,"column":0},"end":{"line":8,"column":1}}]},"1":{"type":"branch","line":8,"loc":{"start":{"line":8,"column":0},"end":{"line":8,"column":1}},"locations":[{"start":{"line":8,"column":0},"end":{"line":8,"column":1}}]}},"b":{"0":[2],"1":[2]},"fnMap":{"0":{"name":"routes","decl":{"start":{"line":4,"column":0},"end":{"line":8,"column":1}},"loc":{"start":{"line":4,"column":0},"end":{"line":8,"column":1}},"line":4},"1":{"name":"get","decl":{"start":{"line":8,"column":0},"end":{"line":8,"column":1}},"loc":{"start":{"line":8,"column":0},"end":{"line":8,"column":1}},"line":8}},"f":{"0":2,"1":2}}
,"C:\\Users\\Frosne\\Documents\\Estudos\\SOLID\\src\\errors\\generic-zod-error.ts": {"path":"C:\\Users\\Frosne\\Documents\\Estudos\\SOLID\\src\\errors\\generic-zod-error.ts","all":false,"statementMap":{"0":{"start":{"line":1,"column":0},"end":{"line":1,"column":36}},"1":{"start":{"line":2,"column":0},"end":{"line":2,"column":0}},"2":{"start":{"line":3,"column":0},"end":{"line":3,"column":47}},"3":{"start":{"line":4,"column":0},"end":{"line":4,"column":16}},"4":{"start":{"line":5,"column":0},"end":{"line":5,"column":25}},"5":{"start":{"line":6,"column":0},"end":{"line":6,"column":0}},"6":{"start":{"line":7,"column":0},"end":{"line":7,"column":24}},"7":{"start":{"line":8,"column":0},"end":{"line":8,"column":2}},"8":{"start":{"line":9,"column":0},"end":{"line":9,"column":1}}},"s":{"0":1,"1":1,"2":1,"3":1,"4":1,"5":1,"6":1,"7":1,"8":1},"branchMap":{"0":{"type":"branch","line":4,"loc":{"start":{"line":4,"column":1},"end":{"line":8,"column":2}},"locations":[{"start":{"line":4,"column":1},"end":{"line":8,"column":2}}]},"1":{"type":"branch","line":9,"loc":{"start":{"line":9,"column":0},"end":{"line":9,"column":1}},"locations":[{"start":{"line":9,"column":0},"end":{"line":9,"column":1}}]}},"b":{"0":[1],"1":[1]},"fnMap":{"0":{"name":"GenericZodError","decl":{"start":{"line":4,"column":1},"end":{"line":8,"column":2}},"loc":{"start":{"line":4,"column":1},"end":{"line":8,"column":2}},"line":4},"1":{"name":"get","decl":{"start":{"line":9,"column":0},"end":{"line":9,"column":1}},"loc":{"start":{"line":9,"column":0},"end":{"line":9,"column":1}},"line":9}},"f":{"0":1,"1":1}}
,"C:\\Users\\Frosne\\Documents\\Estudos\\SOLID\\src\\errors\\resource-not-found-error.ts": {"path":"C:\\Users\\Frosne\\Documents\\Estudos\\SOLID\\src\\errors\\resource-not-found-error.ts","all":false,"statementMap":{"0":{"start":{"line":1,"column":0},"end":{"line":1,"column":36}},"1":{"start":{"line":2,"column":0},"end":{"line":2,"column":0}},"2":{"start":{"line":3,"column":0},"end":{"line":3,"column":53}},"3":{"start":{"line":4,"column":0},"end":{"line":4,"column":16}},"4":{"start":{"line":5,"column":0},"end":{"line":5,"column":31}},"5":{"start":{"line":6,"column":0},"end":{"line":6,"column":0}},"6":{"start":{"line":7,"column":0},"end":{"line":7,"column":24}},"7":{"start":{"line":8,"column":0},"end":{"line":8,"column":2}},"8":{"start":{"line":9,"column":0},"end":{"line":9,"column":1}}},"s":{"0":1,"1":1,"2":1,"3":1,"4":2,"5":2,"6":2,"7":2,"8":3},"branchMap":{"0":{"type":"branch","line":4,"loc":{"start":{"line":4,"column":1},"end":{"line":8,"column":2}},"locations":[{"start":{"line":4,"column":1},"end":{"line":8,"column":2}}]},"1":{"type":"branch","line":9,"loc":{"start":{"line":9,"column":0},"end":{"line":9,"column":1}},"locations":[{"start":{"line":9,"column":0},"end":{"line":9,"column":1}}]}},"b":{"0":[2],"1":[3]},"fnMap":{"0":{"name":"ResourceNotFoundError","decl":{"start":{"line":4,"column":1},"end":{"line":8,"column":2}},"loc":{"start":{"line":4,"column":1},"end":{"line":8,"column":2}},"line":4},"1":{"name":"get","decl":{"start":{"line":9,"column":0},"end":{"line":9,"column":1}},"loc":{"start":{"line":9,"column":0},"end":{"line":9,"column":1}},"line":9}},"f":{"0":2,"1":3}}
,"C:\\Users\\Frosne\\Documents\\Estudos\\SOLID\\src\\http\\controllers\\user\\create-user-controller.ts": {"path":"C:\\Users\\Frosne\\Documents\\Estudos\\SOLID\\src\\http\\controllers\\user\\create-user-controller.ts","all":false,"statementMap":{"0":{"start":{"line":1,"column":0},"end":{"line":1,"column":55}},"1":{"start":{"line":2,"column":0},"end":{"line":2,"column":24}},"2":{"start":{"line":3,"column":0},"end":{"line":3,"column":94}},"3":{"start":{"line":4,"column":0},"end":{"line":4,"column":68}},"4":{"start":{"line":5,"column":0},"end":{"line":5,"column":0}},"5":{"start":{"line":6,"column":0},"end":{"line":6,"column":90}},"6":{"start":{"line":7,"column":0},"end":{"line":7,"column":0}},"7":{"start":{"line":8,"column":0},"end":{"line":8,"column":27}},"8":{"start":{"line":9,"column":0},"end":{"line":9,"column":0}},"9":{"start":{"line":10,"column":0},"end":{"line":10,"column":30}},"10":{"start":{"line":11,"column":0},"end":{"line":11,"column":19}},"11":{"start":{"line":12,"column":0},"end":{"line":12,"column":28}},"12":{"start":{"line":13,"column":0},"end":{"line":13,"column":29}},"13":{"start":{"line":14,"column":0},"end":{"line":14,"column":4}},"14":{"start":{"line":15,"column":0},"end":{"line":15,"column":43}},"15":{"start":{"line":16,"column":0},"end":{"line":16,"column":0}},"16":{"start":{"line":17,"column":0},"end":{"line":17,"column":23}},"17":{"start":{"line":18,"column":0},"end":{"line":18,"column":30}},"18":{"start":{"line":19,"column":0},"end":{"line":19,"column":2}},"19":{"start":{"line":20,"column":0},"end":{"line":20,"column":0}},"20":{"start":{"line":21,"column":0},"end":{"line":21,"column":47}},"21":{"start":{"line":22,"column":0},"end":{"line":22,"column":0}},"22":{"start":{"line":23,"column":0},"end":{"line":23,"column":51}},"23":{"start":{"line":24,"column":0},"end":{"line":24,"column":0}},"24":{"start":{"line":25,"column":0},"end":{"line":25,"column":30}},"25":{"start":{"line":26,"column":0},"end":{"line":26,"column":1}}},"s":{"0":1,"1":1,"2":1,"3":1,"4":1,"5":3,"6":3,"7":3,"8":3,"9":3,"10":3,"11":3,"12":3,"13":3,"14":3,"15":3,"16":3,"17":1,"18":1,"19":2,"20":2,"21":2,"22":2,"23":2,"24":2,"25":2},"branchMap":{"0":{"type":"branch","line":6,"loc":{"start":{"line":6,"column":0},"end":{"line":26,"column":1}},"locations":[{"start":{"line":6,"column":0},"end":{"line":26,"column":1}}]},"1":{"type":"branch","line":17,"loc":{"start":{"line":17,"column":22},"end":{"line":26,"column":1}},"locations":[{"start":{"line":17,"column":22},"end":{"line":26,"column":1}}]},"2":{"type":"branch","line":17,"loc":{"start":{"line":17,"column":22},"end":{"line":19,"column":2}},"locations":[{"start":{"line":17,"column":22},"end":{"line":19,"column":2}}]},"3":{"type":"branch","line":26,"loc":{"start":{"line":26,"column":0},"end":{"line":26,"column":1}},"locations":[{"start":{"line":26,"column":0},"end":{"line":26,"column":1}}]}},"b":{"0":[3],"1":[2],"2":[1],"3":[2]},"fnMap":{"0":{"name":"createUserController","decl":{"start":{"line":6,"column":0},"end":{"line":26,"column":1}},"loc":{"start":{"line":6,"column":0},"end":{"line":26,"column":1}},"line":6},"1":{"name":"get","decl":{"start":{"line":26,"column":0},"end":{"line":26,"column":1}},"loc":{"start":{"line":26,"column":0},"end":{"line":26,"column":1}},"line":26}},"f":{"0":3,"1":2}}
,"C:\\Users\\Frosne\\Documents\\Estudos\\SOLID\\src\\http\\controllers\\user\\get-user-controller.ts": {"path":"C:\\Users\\Frosne\\Documents\\Estudos\\SOLID\\src\\http\\controllers\\user\\get-user-controller.ts","all":false,"statementMap":{"0":{"start":{"line":1,"column":0},"end":{"line":1,"column":55}},"1":{"start":{"line":2,"column":0},"end":{"line":2,"column":84}},"2":{"start":{"line":3,"column":0},"end":{"line":3,"column":0}},"3":{"start":{"line":4,"column":0},"end":{"line":4,"column":82}},"4":{"start":{"line":5,"column":0},"end":{"line":5,"column":0}},"5":{"start":{"line":6,"column":0},"end":{"line":6,"column":41}},"6":{"start":{"line":7,"column":0},"end":{"line":7,"column":0}},"7":{"start":{"line":8,"column":0},"end":{"line":8,"column":71}},"8":{"start":{"line":9,"column":0},"end":{"line":9,"column":0}},"9":{"start":{"line":10,"column":0},"end":{"line":10,"column":25}},"10":{"start":{"line":11,"column":0},"end":{"line":11,"column":1}}},"s":{"0":1,"1":1,"2":1,"3":1,"4":2,"5":2,"6":2,"7":2,"8":2,"9":2,"10":2},"branchMap":{"0":{"type":"branch","line":4,"loc":{"start":{"line":4,"column":7},"end":{"line":11,"column":1}},"locations":[{"start":{"line":4,"column":7},"end":{"line":11,"column":1}}]},"1":{"type":"branch","line":11,"loc":{"start":{"line":11,"column":0},"end":{"line":11,"column":1}},"locations":[{"start":{"line":11,"column":0},"end":{"line":11,"column":1}}]}},"b":{"0":[2],"1":[2]},"fnMap":{"0":{"name":"findUserController","decl":{"start":{"line":4,"column":7},"end":{"line":11,"column":1}},"loc":{"start":{"line":4,"column":7},"end":{"line":11,"column":1}},"line":4},"1":{"name":"get","decl":{"start":{"line":11,"column":0},"end":{"line":11,"column":1}},"loc":{"start":{"line":11,"column":0},"end":{"line":11,"column":1}},"line":11}},"f":{"0":2,"1":2}}
,"C:\\Users\\Frosne\\Documents\\Estudos\\SOLID\\src\\repositories\\user\\inmemory-repository.ts": {"path":"C:\\Users\\Frosne\\Documents\\Estudos\\SOLID\\src\\repositories\\user\\inmemory-repository.ts","all":false,"statementMap":{"0":{"start":{"line":1,"column":0},"end":{"line":1,"column":36}},"1":{"start":{"line":2,"column":0},"end":{"line":2,"column":0}},"2":{"start":{"line":3,"column":0},"end":{"line":3,"column":0}},"3":{"start":{"line":4,"column":0},"end":{"line":4,"column":46}},"4":{"start":{"line":5,"column":0},"end":{"line":5,"column":63}},"5":{"start":{"line":6,"column":0},"end":{"line":6,"column":34}},"6":{"start":{"line":7,"column":0},"end":{"line":7,"column":36}},"7":{"start":{"line":8,"column":0},"end":{"line":8,"column":16}},"8":{"start":{"line":9,"column":0},"end":{"line":9,"column":20}},"9":{"start":{"line":10,"column":0},"end":{"line":10,"column":10}},"10":{"start":{"line":11,"column":0},"end":{"line":11,"column":4}},"11":{"start":{"line":12,"column":0},"end":{"line":12,"column":0}},"12":{"start":{"line":13,"column":0},"end":{"line":13,"column":19}},"13":{"start":{"line":14,"column":0},"end":{"line":14,"column":0}},"14":{"start":{"line":15,"column":0},"end":{"line":15,"column":14}},"15":{"start":{"line":16,"column":0},"end":{"line":16,"column":2}},"16":{"start":{"line":17,"column":0},"end":{"line":17,"column":0}},"17":{"start":{"line":18,"column":0},"end":{"line":18,"column":23}},"18":{"start":{"line":19,"column":0},"end":{"line":19,"column":35}},"19":{"start":{"line":20,"column":0},"end":{"line":20,"column":25}},"20":{"start":{"line":21,"column":0},"end":{"line":21,"column":5}},"21":{"start":{"line":22,"column":0},"end":{"line":22,"column":0}},"22":{"start":{"line":23,"column":0},"end":{"line":23,"column":14}},"23":{"start":{"line":24,"column":0},"end":{"line":24,"column":2}},"24":{"start":{"line":25,"column":0},"end":{"line":25,"column":0}},"25":{"start":{"line":26,"column":0},"end":{"line":26,"column":29}},"26":{"start":{"line":27,"column":0},"end":{"line":27,"column":56}},"27":{"start":{"line":28,"column":0},"end":{"line":28,"column":0}},"28":{"start":{"line":29,"column":0},"end":{"line":29,"column":14}},"29":{"start":{"line":30,"column":0},"end":{"line":30,"column":2}},"30":{"start":{"line":31,"column":0},"end":{"line":31,"column":0}},"31":{"start":{"line":32,"column":0},"end":{"line":32,"column":1}}},"s":{"0":1,"1":1,"2":1,"3":1,"4":1,"5":8,"6":1,"7":5,"8":5,"9":5,"10":5,"11":5,"12":5,"13":5,"14":5,"15":5,"16":1,"17":1,"18":4,"19":3,"20":4,"21":4,"22":4,"23":4,"24":1,"25":1,"26":6,"27":6,"28":6,"29":6,"30":1,"31":8},"branchMap":{"0":{"type":"branch","line":4,"loc":{"start":{"line":4,"column":44},"end":{"line":4,"column":46}},"locations":[{"start":{"line":4,"column":44},"end":{"line":4,"column":46}}]},"1":{"type":"branch","line":5,"loc":{"start":{"line":5,"column":7},"end":{"line":6,"column":34}},"locations":[{"start":{"line":5,"column":7},"end":{"line":6,"column":34}}]},"2":{"type":"branch","line":7,"loc":{"start":{"line":7,"column":1},"end":{"line":16,"column":2}},"locations":[{"start":{"line":7,"column":1},"end":{"line":16,"column":2}}]},"3":{"type":"branch","line":18,"loc":{"start":{"line":18,"column":1},"end":{"line":24,"column":2}},"locations":[{"start":{"line":18,"column":1},"end":{"line":24,"column":2}}]},"4":{"type":"branch","line":19,"loc":{"start":{"line":19,"column":26},"end":{"line":21,"column":3}},"locations":[{"start":{"line":19,"column":26},"end":{"line":21,"column":3}}]},"5":{"type":"branch","line":26,"loc":{"start":{"line":26,"column":1},"end":{"line":30,"column":2}},"locations":[{"start":{"line":26,"column":1},"end":{"line":30,"column":2}}]},"6":{"type":"branch","line":27,"loc":{"start":{"line":27,"column":26},"end":{"line":27,"column":54}},"locations":[{"start":{"line":27,"column":26},"end":{"line":27,"column":54}}]},"7":{"type":"branch","line":32,"loc":{"start":{"line":32,"column":0},"end":{"line":32,"column":1}},"locations":[{"start":{"line":32,"column":0},"end":{"line":32,"column":1}}]}},"b":{"0":[8],"1":[8],"2":[5],"3":[4],"4":[3],"5":[6],"6":[1],"7":[8]},"fnMap":{"0":{"name":"get","decl":{"start":{"line":4,"column":44},"end":{"line":4,"column":46}},"loc":{"start":{"line":4,"column":44},"end":{"line":4,"column":46}},"line":4},"1":{"name":"InMemoryUserRepository","decl":{"start":{"line":5,"column":7},"end":{"line":6,"column":34}},"loc":{"start":{"line":5,"column":7},"end":{"line":6,"column":34}},"line":5},"2":{"name":"create","decl":{"start":{"line":7,"column":1},"end":{"line":16,"column":2}},"loc":{"start":{"line":7,"column":1},"end":{"line":16,"column":2}},"line":7},"3":{"name":"findById","decl":{"start":{"line":18,"column":1},"end":{"line":24,"column":2}},"loc":{"start":{"line":18,"column":1},"end":{"line":24,"column":2}},"line":18},"4":{"name":"findByEmail","decl":{"start":{"line":26,"column":1},"end":{"line":30,"column":2}},"loc":{"start":{"line":26,"column":1},"end":{"line":30,"column":2}},"line":26},"5":{"name":"get","decl":{"start":{"line":32,"column":0},"end":{"line":32,"column":1}},"loc":{"start":{"line":32,"column":0},"end":{"line":32,"column":1}},"line":32}},"f":{"0":8,"1":8,"2":5,"3":4,"4":6,"5":8}}
,"C:\\Users\\Frosne\\Documents\\Estudos\\SOLID\\src\\routes\\user\\user-routes.ts": {"path":"C:\\Users\\Frosne\\Documents\\Estudos\\SOLID\\src\\routes\\user\\user-routes.ts","all":false,"statementMap":{"0":{"start":{"line":1,"column":0},"end":{"line":1,"column":42}},"1":{"start":{"line":2,"column":0},"end":{"line":2,"column":90}},"2":{"start":{"line":3,"column":0},"end":{"line":3,"column":85}},"3":{"start":{"line":4,"column":0},"end":{"line":4,"column":0}},"4":{"start":{"line":5,"column":0},"end":{"line":5,"column":57}},"5":{"start":{"line":6,"column":0},"end":{"line":6,"column":37}},"6":{"start":{"line":7,"column":0},"end":{"line":7,"column":0}},"7":{"start":{"line":8,"column":0},"end":{"line":8,"column":37}},"8":{"start":{"line":9,"column":0},"end":{"line":9,"column":1}}},"s":{"0":1,"1":1,"2":1,"3":1,"4":2,"5":2,"6":2,"7":2,"8":2},"branchMap":{"0":{"type":"branch","line":5,"loc":{"start":{"line":5,"column":0},"end":{"line":9,"column":1}},"locations":[{"start":{"line":5,"column":0},"end":{"line":9,"column":1}}]},"1":{"type":"branch","line":9,"loc":{"start":{"line":9,"column":0},"end":{"line":9,"column":1}},"locations":[{"start":{"line":9,"column":0},"end":{"line":9,"column":1}}]}},"b":{"0":[2],"1":[2]},"fnMap":{"0":{"name":"usersRoutes","decl":{"start":{"line":5,"column":0},"end":{"line":9,"column":1}},"loc":{"start":{"line":5,"column":0},"end":{"line":9,"column":1}},"line":5},"1":{"name":"get","decl":{"start":{"line":9,"column":0},"end":{"line":9,"column":1}},"loc":{"start":{"line":9,"column":0},"end":{"line":9,"column":1}},"line":9}},"f":{"0":2,"1":2}}
,"C:\\Users\\Frosne\\Documents\\Estudos\\SOLID\\src\\use-cases\\user\\get-user-usecase.ts": {"path":"C:\\Users\\Frosne\\Documents\\Estudos\\SOLID\\src\\use-cases\\user\\get-user-usecase.ts","all":false,"statementMap":{"0":{"start":{"line":1,"column":0},"end":{"line":1,"column":78}},"1":{"start":{"line":2,"column":0},"end":{"line":2,"column":0}},"2":{"start":{"line":3,"column":0},"end":{"line":3,"column":29}},"3":{"start":{"line":4,"column":0},"end":{"line":4,"column":56}},"4":{"start":{"line":5,"column":0},"end":{"line":5,"column":34}},"5":{"start":{"line":6,"column":0},"end":{"line":6,"column":48}},"6":{"start":{"line":7,"column":0},"end":{"line":7,"column":0}},"7":{"start":{"line":8,"column":0},"end":{"line":8,"column":14}},"8":{"start":{"line":9,"column":0},"end":{"line":9,"column":37}},"9":{"start":{"line":10,"column":0},"end":{"line":10,"column":3}},"10":{"start":{"line":11,"column":0},"end":{"line":11,"column":0}},"11":{"start":{"line":12,"column":0},"end":{"line":12,"column":14}},"12":{"start":{"line":13,"column":0},"end":{"line":13,"column":2}},"13":{"start":{"line":14,"column":0},"end":{"line":14,"column":1}}},"s":{"0":1,"1":1,"2":1,"3":1,"4":1,"5":4,"6":4,"7":4,"8":2,"9":2,"10":2,"11":2,"12":4,"13":4},"branchMap":{"0":{"type":"branch","line":4,"loc":{"start":{"line":4,"column":1},"end":{"line":4,"column":56}},"locations":[{"start":{"line":4,"column":1},"end":{"line":4,"column":56}}]},"1":{"type":"branch","line":5,"loc":{"start":{"line":5,"column":1},"end":{"line":13,"column":2}},"locations":[{"start":{"line":5,"column":1},"end":{"line":13,"column":2}}]},"2":{"type":"branch","line":8,"loc":{"start":{"line":8,"column":13},"end":{"line":12,"column":14}},"locations":[{"start":{"line":8,"column":13},"end":{"line":12,"column":14}}]},"3":{"type":"branch","line":14,"loc":{"start":{"line":14,"column":0},"end":{"line":14,"column":1}},"locations":[{"start":{"line":14,"column":0},"end":{"line":14,"column":1}}]}},"b":{"0":[4],"1":[4],"2":[2],"3":[4]},"fnMap":{"0":{"name":"GetUserUseCase","decl":{"start":{"line":4,"column":1},"end":{"line":4,"column":56}},"loc":{"start":{"line":4,"column":1},"end":{"line":4,"column":56}},"line":4},"1":{"name":"execute","decl":{"start":{"line":5,"column":1},"end":{"line":13,"column":2}},"loc":{"start":{"line":5,"column":1},"end":{"line":13,"column":2}},"line":5},"2":{"name":"get","decl":{"start":{"line":14,"column":0},"end":{"line":14,"column":1}},"loc":{"start":{"line":14,"column":0},"end":{"line":14,"column":1}},"line":14}},"f":{"0":4,"1":4,"2":4}}
,"C:\\Users\\Frosne\\Documents\\Estudos\\SOLID\\src\\use-cases\\user\\register-user-usecase.ts": {"path":"C:\\Users\\Frosne\\Documents\\Estudos\\SOLID\\src\\use-cases\\user\\register-user-usecase.ts","all":false,"statementMap":{"0":{"start":{"line":1,"column":0},"end":{"line":1,"column":85}},"1":{"start":{"line":2,"column":0},"end":{"line":2,"column":76}},"2":{"start":{"line":3,"column":0},"end":{"line":3,"column":0}},"3":{"start":{"line":4,"column":0},"end":{"line":4,"column":0}},"4":{"start":{"line":5,"column":0},"end":{"line":5,"column":0}},"5":{"start":{"line":6,"column":0},"end":{"line":6,"column":34}},"6":{"start":{"line":7,"column":0},"end":{"line":7,"column":64}},"7":{"start":{"line":8,"column":0},"end":{"line":8,"column":58}},"8":{"start":{"line":9,"column":0},"end":{"line":9,"column":0}},"9":{"start":{"line":10,"column":0},"end":{"line":10,"column":47}},"10":{"start":{"line":11,"column":0},"end":{"line":11,"column":38}},"11":{"start":{"line":12,"column":0},"end":{"line":12,"column":3}},"12":{"start":{"line":13,"column":0},"end":{"line":13,"column":0}},"13":{"start":{"line":14,"column":0},"end":{"line":14,"column":63}},"14":{"start":{"line":15,"column":0},"end":{"line":15,"column":2}},"15":{"start":{"line":16,"column":0},"end":{"line":16,"column":1}}},"s":{"0":1,"1":1,"2":1,"3":1,"4":1,"5":1,"6":1,"7":1,"8":6,"9":6,"10":1,"11":1,"12":5,"13":5,"14":6,"15":5},"branchMap":{"0":{"type":"branch","line":7,"loc":{"start":{"line":7,"column":1},"end":{"line":7,"column":64}},"locations":[{"start":{"line":7,"column":1},"end":{"line":7,"column":64}}]},"1":{"type":"branch","line":8,"loc":{"start":{"line":8,"column":1},"end":{"line":15,"column":2}},"locations":[{"start":{"line":8,"column":1},"end":{"line":15,"column":2}}]},"2":{"type":"branch","line":10,"loc":{"start":{"line":10,"column":46},"end":{"line":12,"column":3}},"locations":[{"start":{"line":10,"column":46},"end":{"line":12,"column":3}}]},"3":{"type":"branch","line":12,"loc":{"start":{"line":12,"column":2},"end":{"line":14,"column":63}},"locations":[{"start":{"line":12,"column":2},"end":{"line":14,"column":63}}]},"4":{"type":"branch","line":16,"loc":{"start":{"line":16,"column":0},"end":{"line":16,"column":1}},"locations":[{"start":{"line":16,"column":0},"end":{"line":16,"column":1}}]}},"b":{"0":[5],"1":[6],"2":[1],"3":[5],"4":[5]},"fnMap":{"0":{"name":"RegisterUserUseCase","decl":{"start":{"line":7,"column":1},"end":{"line":7,"column":64}},"loc":{"start":{"line":7,"column":1},"end":{"line":7,"column":64}},"line":7},"1":{"name":"execute","decl":{"start":{"line":8,"column":1},"end":{"line":15,"column":2}},"loc":{"start":{"line":8,"column":1},"end":{"line":15,"column":2}},"line":8},"2":{"name":"get","decl":{"start":{"line":16,"column":0},"end":{"line":16,"column":1}},"loc":{"start":{"line":16,"column":0},"end":{"line":16,"column":1}},"line":16}},"f":{"0":5,"1":6,"2":5}}
,"C:\\Users\\Frosne\\Documents\\Estudos\\SOLID\\src\\use-cases\\user\\errors\\user-already-exists-error.ts": {"path":"C:\\Users\\Frosne\\Documents\\Estudos\\SOLID\\src\\use-cases\\user\\errors\\user-already-exists-error.ts","all":false,"statementMap":{"0":{"start":{"line":1,"column":0},"end":{"line":1,"column":42}},"1":{"start":{"line":2,"column":0},"end":{"line":2,"column":0}},"2":{"start":{"line":3,"column":0},"end":{"line":3,"column":54}},"3":{"start":{"line":4,"column":0},"end":{"line":4,"column":16}},"4":{"start":{"line":5,"column":0},"end":{"line":5,"column":31}},"5":{"start":{"line":6,"column":0},"end":{"line":6,"column":0}},"6":{"start":{"line":7,"column":0},"end":{"line":7,"column":24}},"7":{"start":{"line":8,"column":0},"end":{"line":8,"column":2}},"8":{"start":{"line":9,"column":0},"end":{"line":9,"column":1}}},"s":{"0":1,"1":1,"2":1,"3":1,"4":1,"5":1,"6":1,"7":1,"8":2},"branchMap":{"0":{"type":"branch","line":4,"loc":{"start":{"line":4,"column":1},"end":{"line":8,"column":2}},"locations":[{"start":{"line":4,"column":1},"end":{"line":8,"column":2}}]},"1":{"type":"branch","line":9,"loc":{"start":{"line":9,"column":0},"end":{"line":9,"column":1}},"locations":[{"start":{"line":9,"column":0},"end":{"line":9,"column":1}}]}},"b":{"0":[1],"1":[2]},"fnMap":{"0":{"name":"UserAlreadyExistsError","decl":{"start":{"line":4,"column":1},"end":{"line":8,"column":2}},"loc":{"start":{"line":4,"column":1},"end":{"line":8,"column":2}},"line":4},"1":{"name":"get","decl":{"start":{"line":9,"column":0},"end":{"line":9,"column":1}},"loc":{"start":{"line":9,"column":0},"end":{"line":9,"column":1}},"line":9}},"f":{"0":1,"1":2}}
,"C:\\Users\\Frosne\\Documents\\Estudos\\SOLID\\src\\use-cases\\user\\factories\\get-user-factory.ts": {"path":"C:\\Users\\Frosne\\Documents\\Estudos\\SOLID\\src\\use-cases\\user\\factories\\get-user-factory.ts","all":false,"statementMap":{"0":{"start":{"line":1,"column":0},"end":{"line":1,"column":88}},"1":{"start":{"line":2,"column":0},"end":{"line":2,"column":53}},"2":{"start":{"line":3,"column":0},"end":{"line":3,"column":0}},"3":{"start":{"line":4,"column":0},"end":{"line":4,"column":34}},"4":{"start":{"line":5,"column":0},"end":{"line":5,"column":53}},"5":{"start":{"line":6,"column":0},"end":{"line":6,"column":0}},"6":{"start":{"line":7,"column":0},"end":{"line":7,"column":60}},"7":{"start":{"line":8,"column":0},"end":{"line":8,"column":0}},"8":{"start":{"line":9,"column":0},"end":{"line":9,"column":24}},"9":{"start":{"line":10,"column":0},"end":{"line":10,"column":1}}},"s":{"0":1,"1":1,"2":1,"3":1,"4":2,"5":2,"6":2,"7":2,"8":2,"9":2},"branchMap":{"0":{"type":"branch","line":4,"loc":{"start":{"line":4,"column":7},"end":{"line":10,"column":1}},"locations":[{"start":{"line":4,"column":7},"end":{"line":10,"column":1}}]},"1":{"type":"branch","line":10,"loc":{"start":{"line":10,"column":0},"end":{"line":10,"column":1}},"locations":[{"start":{"line":10,"column":0},"end":{"line":10,"column":1}}]}},"b":{"0":[2],"1":[2]},"fnMap":{"0":{"name":"getUserFactory","decl":{"start":{"line":4,"column":7},"end":{"line":10,"column":1}},"loc":{"start":{"line":4,"column":7},"end":{"line":10,"column":1}},"line":4},"1":{"name":"get","decl":{"start":{"line":10,"column":0},"end":{"line":10,"column":1}},"loc":{"start":{"line":10,"column":0},"end":{"line":10,"column":1}},"line":10}},"f":{"0":2,"1":2}}
,"C:\\Users\\Frosne\\Documents\\Estudos\\SOLID\\src\\use-cases\\user\\factories\\register-user-factory.ts": {"path":"C:\\Users\\Frosne\\Documents\\Estudos\\SOLID\\src\\use-cases\\user\\factories\\register-user-factory.ts","all":false,"statementMap":{"0":{"start":{"line":1,"column":0},"end":{"line":1,"column":88}},"1":{"start":{"line":2,"column":0},"end":{"line":2,"column":63}},"2":{"start":{"line":3,"column":0},"end":{"line":3,"column":0}},"3":{"start":{"line":4,"column":0},"end":{"line":4,"column":39}},"4":{"start":{"line":5,"column":0},"end":{"line":5,"column":53}},"5":{"start":{"line":6,"column":0},"end":{"line":6,"column":0}},"6":{"start":{"line":7,"column":0},"end":{"line":7,"column":65}},"7":{"start":{"line":8,"column":0},"end":{"line":8,"column":0}},"8":{"start":{"line":9,"column":0},"end":{"line":9,"column":24}},"9":{"start":{"line":10,"column":0},"end":{"line":10,"column":1}}},"s":{"0":1,"1":1,"2":1,"3":1,"4":2,"5":2,"6":2,"7":2,"8":2,"9":2},"branchMap":{"0":{"type":"branch","line":4,"loc":{"start":{"line":4,"column":7},"end":{"line":10,"column":1}},"locations":[{"start":{"line":4,"column":7},"end":{"line":10,"column":1}}]},"1":{"type":"branch","line":10,"loc":{"start":{"line":10,"column":0},"end":{"line":10,"column":1}},"locations":[{"start":{"line":10,"column":0},"end":{"line":10,"column":1}}]}},"b":{"0":[2],"1":[2]},"fnMap":{"0":{"name":"registerUserFactory","decl":{"start":{"line":4,"column":7},"end":{"line":10,"column":1}},"loc":{"start":{"line":4,"column":7},"end":{"line":10,"column":1}},"line":4},"1":{"name":"get","decl":{"start":{"line":10,"column":0},"end":{"line":10,"column":1}},"loc":{"start":{"line":10,"column":0},"end":{"line":10,"column":1}},"line":10}},"f":{"0":2,"1":2}}
}
